<?xml version="1.0" encoding="UTF-8"?>
<testsuite xmlns:xsi="http://www.w3.org/2001/XMLSchema-instance" xsi:noNamespaceSchemaLocation="https://maven.apache.org/surefire/maven-surefire-plugin/xsd/surefire-test-report.xsd" name="com.o19s.hl.OffsetTests" time="2.421" tests="1" errors="0" skipped="0" failures="0">
  <properties>
    <property name="sun.desktop" value="windows"/>
    <property name="awt.toolkit" value="sun.awt.windows.WToolkit"/>
    <property name="java.specification.version" value="11"/>
    <property name="sun.cpu.isalist" value="amd64"/>
    <property name="sun.jnu.encoding" value="Cp1252"/>
    <property name="java.class.path" value="D:\work\offset-highlighter\target\test-classes;D:\work\offset-highlighter\target\classes;C:\Users\gopal\.m2\repository\org\apache\solr\solr-test-framework\8.6.0\solr-test-framework-8.6.0.jar;C:\Users\gopal\.m2\repository\org\apache\lucene\lucene-test-framework\8.6.0\lucene-test-framework-8.6.0.jar;C:\Users\gopal\.m2\repository\org\apache\lucene\lucene-analyzers-common\8.6.0\lucene-analyzers-common-8.6.0.jar;C:\Users\gopal\.m2\repository\org\apache\lucene\lucene-analyzers-kuromoji\8.6.0\lucene-analyzers-kuromoji-8.6.0.jar;C:\Users\gopal\.m2\repository\org\apache\lucene\lucene-analyzers-nori\8.6.0\lucene-analyzers-nori-8.6.0.jar;C:\Users\gopal\.m2\repository\org\apache\lucene\lucene-analyzers-phonetic\8.6.0\lucene-analyzers-phonetic-8.6.0.jar;C:\Users\gopal\.m2\repository\org\apache\lucene\lucene-backward-codecs\8.6.0\lucene-backward-codecs-8.6.0.jar;C:\Users\gopal\.m2\repository\org\apache\lucene\lucene-classification\8.6.0\lucene-classification-8.6.0.jar;C:\Users\gopal\.m2\repository\org\apache\lucene\lucene-codecs\8.6.0\lucene-codecs-8.6.0.jar;C:\Users\gopal\.m2\repository\org\apache\lucene\lucene-core\8.6.0\lucene-core-8.6.0.jar;C:\Users\gopal\.m2\repository\org\apache\lucene\lucene-expressions\8.6.0\lucene-expressions-8.6.0.jar;C:\Users\gopal\.m2\repository\org\apache\lucene\lucene-grouping\8.6.0\lucene-grouping-8.6.0.jar;C:\Users\gopal\.m2\repository\org\apache\lucene\lucene-highlighter\8.6.0\lucene-highlighter-8.6.0.jar;C:\Users\gopal\.m2\repository\org\apache\lucene\lucene-join\8.6.0\lucene-join-8.6.0.jar;C:\Users\gopal\.m2\repository\org\apache\lucene\lucene-memory\8.6.0\lucene-memory-8.6.0.jar;C:\Users\gopal\.m2\repository\org\apache\lucene\lucene-misc\8.6.0\lucene-misc-8.6.0.jar;C:\Users\gopal\.m2\repository\org\apache\lucene\lucene-queries\8.6.0\lucene-queries-8.6.0.jar;C:\Users\gopal\.m2\repository\org\apache\lucene\lucene-queryparser\8.6.0\lucene-queryparser-8.6.0.jar;C:\Users\gopal\.m2\repository\org\apache\lucene\lucene-sandbox\8.6.0\lucene-sandbox-8.6.0.jar;C:\Users\gopal\.m2\repository\org\apache\lucene\lucene-spatial-extras\8.6.0\lucene-spatial-extras-8.6.0.jar;C:\Users\gopal\.m2\repository\org\apache\lucene\lucene-spatial3d\8.6.0\lucene-spatial3d-8.6.0.jar;C:\Users\gopal\.m2\repository\org\apache\lucene\lucene-suggest\8.6.0\lucene-suggest-8.6.0.jar;C:\Users\gopal\.m2\repository\org\apache\solr\solr-solrj\8.6.0\solr-solrj-8.6.0.jar;C:\Users\gopal\.m2\repository\com\carrotsearch\hppc\0.8.1\hppc-0.8.1.jar;C:\Users\gopal\.m2\repository\com\carrotsearch\randomizedtesting\junit4-ant\2.7.2\junit4-ant-2.7.2.jar;C:\Users\gopal\.m2\repository\com\carrotsearch\randomizedtesting\randomizedtesting-runner\2.7.2\randomizedtesting-runner-2.7.2.jar;C:\Users\gopal\.m2\repository\com\fasterxml\jackson\core\jackson-annotations\2.10.1\jackson-annotations-2.10.1.jar;C:\Users\gopal\.m2\repository\com\fasterxml\jackson\core\jackson-core\2.10.1\jackson-core-2.10.1.jar;C:\Users\gopal\.m2\repository\com\fasterxml\jackson\core\jackson-databind\2.10.1\jackson-databind-2.10.1.jar;C:\Users\gopal\.m2\repository\com\fasterxml\jackson\dataformat\jackson-dataformat-smile\2.10.1\jackson-dataformat-smile-2.10.1.jar;C:\Users\gopal\.m2\repository\com\github\ben-manes\caffeine\caffeine\2.8.4\caffeine-2.8.4.jar;C:\Users\gopal\.m2\repository\com\github\zafarkhaja\java-semver\0.9.0\java-semver-0.9.0.jar;C:\Users\gopal\.m2\repository\com\google\guava\guava\25.1-jre\guava-25.1-jre.jar;C:\Users\gopal\.m2\repository\com\google\protobuf\protobuf-java\3.11.0\protobuf-java-3.11.0.jar;C:\Users\gopal\.m2\repository\com\google\re2j\re2j\1.2\re2j-1.2.jar;C:\Users\gopal\.m2\repository\com\jayway\jsonpath\json-path\2.4.0\json-path-2.4.0.jar;C:\Users\gopal\.m2\repository\com\lmax\disruptor\3.4.2\disruptor-3.4.2.jar;C:\Users\gopal\.m2\repository\com\tdunning\t-digest\3.1\t-digest-3.1.jar;C:\Users\gopal\.m2\repository\commons-cli\commons-cli\1.4\commons-cli-1.4.jar;C:\Users\gopal\.m2\repository\commons-codec\commons-codec\1.13\commons-codec-1.13.jar;C:\Users\gopal\.m2\repository\commons-collections\commons-collections\3.2.2\commons-collections-3.2.2.jar;C:\Users\gopal\.m2\repository\commons-io\commons-io\2.6\commons-io-2.6.jar;C:\Users\gopal\.m2\repository\io\dropwizard\metrics\metrics-core\4.1.5\metrics-core-4.1.5.jar;C:\Users\gopal\.m2\repository\io\dropwizard\metrics\metrics-graphite\4.1.5\metrics-graphite-4.1.5.jar;C:\Users\gopal\.m2\repository\io\dropwizard\metrics\metrics-jetty9\4.1.5\metrics-jetty9-4.1.5.jar;C:\Users\gopal\.m2\repository\io\dropwizard\metrics\metrics-jmx\4.1.5\metrics-jmx-4.1.5.jar;C:\Users\gopal\.m2\repository\io\dropwizard\metrics\metrics-jvm\4.1.5\metrics-jvm-4.1.5.jar;C:\Users\gopal\.m2\repository\io\netty\netty-buffer\4.1.47.Final\netty-buffer-4.1.47.Final.jar;C:\Users\gopal\.m2\repository\io\netty\netty-codec\4.1.47.Final\netty-codec-4.1.47.Final.jar;C:\Users\gopal\.m2\repository\io\netty\netty-common\4.1.47.Final\netty-common-4.1.47.Final.jar;C:\Users\gopal\.m2\repository\io\netty\netty-handler\4.1.47.Final\netty-handler-4.1.47.Final.jar;C:\Users\gopal\.m2\repository\io\netty\netty-resolver\4.1.47.Final\netty-resolver-4.1.47.Final.jar;C:\Users\gopal\.m2\repository\io\netty\netty-transport\4.1.47.Final\netty-transport-4.1.47.Final.jar;C:\Users\gopal\.m2\repository\io\netty\netty-transport-native-epoll\4.1.47.Final\netty-transport-native-epoll-4.1.47.Final.jar;C:\Users\gopal\.m2\repository\io\netty\netty-transport-native-unix-common\4.1.47.Final\netty-transport-native-unix-common-4.1.47.Final.jar;C:\Users\gopal\.m2\repository\io\opentracing\opentracing-api\0.33.0\opentracing-api-0.33.0.jar;C:\Users\gopal\.m2\repository\io\opentracing\opentracing-mock\0.33.0\opentracing-mock-0.33.0.jar;C:\Users\gopal\.m2\repository\io\opentracing\opentracing-noop\0.33.0\opentracing-noop-0.33.0.jar;C:\Users\gopal\.m2\repository\io\opentracing\opentracing-util\0.33.0\opentracing-util-0.33.0.jar;C:\Users\gopal\.m2\repository\io\sgr\s2-geometry-library-java\1.0.0\s2-geometry-library-java-1.0.0.jar;C:\Users\gopal\.m2\repository\javax\servlet\javax.servlet-api\3.1.0\javax.servlet-api-3.1.0.jar;C:\Users\gopal\.m2\repository\net\hydromatic\eigenbase-properties\1.1.5\eigenbase-properties-1.1.5.jar;C:\Users\gopal\.m2\repository\org\antlr\antlr4-runtime\4.5.1-1\antlr4-runtime-4.5.1-1.jar;C:\Users\gopal\.m2\repository\org\apache\ant\ant\1.8.2\ant-1.8.2.jar;C:\Users\gopal\.m2\repository\org\apache\calcite\calcite-core\1.18.0\calcite-core-1.18.0.jar;C:\Users\gopal\.m2\repository\org\apache\calcite\calcite-linq4j\1.18.0\calcite-linq4j-1.18.0.jar;C:\Users\gopal\.m2\repository\org\apache\calcite\avatica\avatica-core\1.13.0\avatica-core-1.13.0.jar;C:\Users\gopal\.m2\repository\org\apache\commons\commons-configuration2\2.1.1\commons-configuration2-2.1.1.jar;C:\Users\gopal\.m2\repository\org\apache\commons\commons-exec\1.3\commons-exec-1.3.jar;C:\Users\gopal\.m2\repository\org\apache\commons\commons-lang3\3.9\commons-lang3-3.9.jar;C:\Users\gopal\.m2\repository\org\apache\commons\commons-math3\3.6.1\commons-math3-3.6.1.jar;C:\Users\gopal\.m2\repository\org\apache\commons\commons-text\1.6\commons-text-1.6.jar;C:\Users\gopal\.m2\repository\org\apache\curator\curator-client\2.13.0\curator-client-2.13.0.jar;C:\Users\gopal\.m2\repository\org\apache\curator\curator-framework\2.13.0\curator-framework-2.13.0.jar;C:\Users\gopal\.m2\repository\org\apache\curator\curator-recipes\2.13.0\curator-recipes-2.13.0.jar;C:\Users\gopal\.m2\repository\org\apache\hadoop\hadoop-annotations\3.2.0\hadoop-annotations-3.2.0.jar;C:\Users\gopal\.m2\repository\org\apache\hadoop\hadoop-auth\3.2.0\hadoop-auth-3.2.0.jar;C:\Users\gopal\.m2\repository\org\apache\hadoop\hadoop-common\3.2.0\hadoop-common-3.2.0.jar;C:\Users\gopal\.m2\repository\org\apache\hadoop\hadoop-hdfs-client\3.2.0\hadoop-hdfs-client-3.2.0.jar;C:\Users\gopal\.m2\repository\org\apache\htrace\htrace-core4\4.1.0-incubating\htrace-core4-4.1.0-incubating.jar;C:\Users\gopal\.m2\repository\org\apache\httpcomponents\httpclient\4.5.10\httpclient-4.5.10.jar;C:\Users\gopal\.m2\repository\org\apache\httpcomponents\httpcore\4.4.12\httpcore-4.4.12.jar;C:\Users\gopal\.m2\repository\org\apache\httpcomponents\httpmime\4.5.10\httpmime-4.5.10.jar;C:\Users\gopal\.m2\repository\org\apache\kerby\kerb-core\1.0.1\kerb-core-1.0.1.jar;C:\Users\gopal\.m2\repository\org\apache\kerby\kerb-util\1.0.1\kerb-util-1.0.1.jar;C:\Users\gopal\.m2\repository\org\apache\kerby\kerby-asn1\1.0.1\kerby-asn1-1.0.1.jar;C:\Users\gopal\.m2\repository\org\apache\kerby\kerby-pkix\1.0.1\kerby-pkix-1.0.1.jar;C:\Users\gopal\.m2\repository\org\apache\logging\log4j\log4j-1.2-api\2.13.2\log4j-1.2-api-2.13.2.jar;C:\Users\gopal\.m2\repository\org\apache\logging\log4j\log4j-api\2.13.2\log4j-api-2.13.2.jar;C:\Users\gopal\.m2\repository\org\apache\logging\log4j\log4j-core\2.13.2\log4j-core-2.13.2.jar;C:\Users\gopal\.m2\repository\org\apache\logging\log4j\log4j-slf4j-impl\2.13.2\log4j-slf4j-impl-2.13.2.jar;C:\Users\gopal\.m2\repository\org\apache\logging\log4j\log4j-web\2.13.2\log4j-web-2.13.2.jar;C:\Users\gopal\.m2\repository\org\apache\zookeeper\zookeeper\3.5.7\zookeeper-3.5.7.jar;C:\Users\gopal\.m2\repository\org\apache\zookeeper\zookeeper-jute\3.5.7\zookeeper-jute-3.5.7.jar;C:\Users\gopal\.m2\repository\org\bitbucket\b_c\jose4j\0.6.5\jose4j-0.6.5.jar;C:\Users\gopal\.m2\repository\org\codehaus\janino\commons-compiler\3.0.9\commons-compiler-3.0.9.jar;C:\Users\gopal\.m2\repository\org\codehaus\janino\janino\3.0.9\janino-3.0.9.jar;C:\Users\gopal\.m2\repository\org\codehaus\woodstox\stax2-api\3.1.4\stax2-api-3.1.4.jar;C:\Users\gopal\.m2\repository\org\codehaus\woodstox\woodstox-core-asl\4.4.1\woodstox-core-asl-4.4.1.jar;C:\Users\gopal\.m2\repository\org\eclipse\jetty\jetty-alpn-client\9.4.27.v20200227\jetty-alpn-client-9.4.27.v20200227.jar;C:\Users\gopal\.m2\repository\org\eclipse\jetty\jetty-alpn-java-client\9.4.27.v20200227\jetty-alpn-java-client-9.4.27.v20200227.jar;C:\Users\gopal\.m2\repository\org\eclipse\jetty\jetty-alpn-java-server\9.4.27.v20200227\jetty-alpn-java-server-9.4.27.v20200227.jar;C:\Users\gopal\.m2\repository\org\eclipse\jetty\jetty-alpn-server\9.4.27.v20200227\jetty-alpn-server-9.4.27.v20200227.jar;C:\Users\gopal\.m2\repository\org\eclipse\jetty\jetty-client\9.4.27.v20200227\jetty-client-9.4.27.v20200227.jar;C:\Users\gopal\.m2\repository\org\eclipse\jetty\jetty-continuation\9.4.27.v20200227\jetty-continuation-9.4.27.v20200227.jar;C:\Users\gopal\.m2\repository\org\eclipse\jetty\jetty-deploy\9.4.27.v20200227\jetty-deploy-9.4.27.v20200227.jar;C:\Users\gopal\.m2\repository\org\eclipse\jetty\jetty-http\9.4.27.v20200227\jetty-http-9.4.27.v20200227.jar;C:\Users\gopal\.m2\repository\org\eclipse\jetty\jetty-io\9.4.27.v20200227\jetty-io-9.4.27.v20200227.jar;C:\Users\gopal\.m2\repository\org\eclipse\jetty\jetty-jmx\9.4.27.v20200227\jetty-jmx-9.4.27.v20200227.jar;C:\Users\gopal\.m2\repository\org\eclipse\jetty\jetty-rewrite\9.4.27.v20200227\jetty-rewrite-9.4.27.v20200227.jar;C:\Users\gopal\.m2\repository\org\eclipse\jetty\jetty-security\9.4.27.v20200227\jetty-security-9.4.27.v20200227.jar;C:\Users\gopal\.m2\repository\org\eclipse\jetty\jetty-server\9.4.27.v20200227\jetty-server-9.4.27.v20200227.jar;C:\Users\gopal\.m2\repository\org\eclipse\jetty\jetty-servlet\9.4.27.v20200227\jetty-servlet-9.4.27.v20200227.jar;C:\Users\gopal\.m2\repository\org\eclipse\jetty\jetty-servlets\9.4.27.v20200227\jetty-servlets-9.4.27.v20200227.jar;C:\Users\gopal\.m2\repository\org\eclipse\jetty\jetty-util\9.4.27.v20200227\jetty-util-9.4.27.v20200227.jar;C:\Users\gopal\.m2\repository\org\eclipse\jetty\jetty-webapp\9.4.27.v20200227\jetty-webapp-9.4.27.v20200227.jar;C:\Users\gopal\.m2\repository\org\eclipse\jetty\jetty-xml\9.4.27.v20200227\jetty-xml-9.4.27.v20200227.jar;C:\Users\gopal\.m2\repository\org\eclipse\jetty\http2\http2-client\9.4.27.v20200227\http2-client-9.4.27.v20200227.jar;C:\Users\gopal\.m2\repository\org\eclipse\jetty\http2\http2-common\9.4.27.v20200227\http2-common-9.4.27.v20200227.jar;C:\Users\gopal\.m2\repository\org\eclipse\jetty\http2\http2-hpack\9.4.27.v20200227\http2-hpack-9.4.27.v20200227.jar;C:\Users\gopal\.m2\repository\org\eclipse\jetty\http2\http2-http-client-transport\9.4.27.v20200227\http2-http-client-transport-9.4.27.v20200227.jar;C:\Users\gopal\.m2\repository\org\eclipse\jetty\http2\http2-server\9.4.27.v20200227\http2-server-9.4.27.v20200227.jar;C:\Users\gopal\.m2\repository\org\hamcrest\hamcrest-core\1.3\hamcrest-core-1.3.jar;C:\Users\gopal\.m2\repository\org\locationtech\spatial4j\spatial4j\0.7\spatial4j-0.7.jar;C:\Users\gopal\.m2\repository\org\ow2\asm\asm\7.2\asm-7.2.jar;C:\Users\gopal\.m2\repository\org\ow2\asm\asm-commons\7.2\asm-commons-7.2.jar;C:\Users\gopal\.m2\repository\org\restlet\jee\org.restlet\2.4.3\org.restlet-2.4.3.jar;C:\Users\gopal\.m2\repository\org\restlet\jee\org.restlet.ext.servlet\2.4.3\org.restlet.ext.servlet-2.4.3.jar;C:\Users\gopal\.m2\repository\org\rrd4j\rrd4j\3.5\rrd4j-3.5.jar;C:\Users\gopal\.m2\repository\org\slf4j\jcl-over-slf4j\1.7.24\jcl-over-slf4j-1.7.24.jar;C:\Users\gopal\.m2\repository\org\slf4j\slf4j-api\1.7.24\slf4j-api-1.7.24.jar;C:\Users\gopal\.m2\repository\commons-logging\commons-logging\1.2\commons-logging-1.2.jar;C:\Users\gopal\.m2\repository\junit\junit\4.12\junit-4.12.jar;C:\Users\gopal\.m2\repository\org\mockito\mockito-all\1.9.5\mockito-all-1.9.5.jar;C:\Users\gopal\.m2\repository\org\apache\solr\solr-core\8.6.0\solr-core-8.6.0.jar;"/>
    <property name="java.vm.vendor" value="Oracle Corporation"/>
    <property name="sun.arch.data.model" value="64"/>
    <property name="user.variant" value=""/>
    <property name="java.vendor.url" value="https://openjdk.java.net/"/>
    <property name="user.timezone" value="Asia/Calcutta"/>
    <property name="java.vm.specification.version" value="11"/>
    <property name="os.name" value="Windows 10"/>
    <property name="sun.java.launcher" value="SUN_STANDARD"/>
    <property name="user.country" value="IN"/>
    <property name="sun.boot.library.path" value="C:\Program Files\Java\jdk-11.0.9\bin"/>
    <property name="sun.java.command" value="C:\Users\gopal\AppData\Local\Temp\surefire5382788043075971390\surefirebooter5118380595151174491.jar C:\Users\gopal\AppData\Local\Temp\surefire5382788043075971390 2020-12-06T19-13-41_358-jvmRun1 surefire3897747081779193889tmp surefire_04339545474982181307tmp"/>
    <property name="jdk.debug" value="release"/>
    <property name="surefire.test.class.path" value="D:\work\offset-highlighter\target\test-classes;D:\work\offset-highlighter\target\classes;C:\Users\gopal\.m2\repository\org\apache\solr\solr-test-framework\8.6.0\solr-test-framework-8.6.0.jar;C:\Users\gopal\.m2\repository\org\apache\lucene\lucene-test-framework\8.6.0\lucene-test-framework-8.6.0.jar;C:\Users\gopal\.m2\repository\org\apache\lucene\lucene-analyzers-common\8.6.0\lucene-analyzers-common-8.6.0.jar;C:\Users\gopal\.m2\repository\org\apache\lucene\lucene-analyzers-kuromoji\8.6.0\lucene-analyzers-kuromoji-8.6.0.jar;C:\Users\gopal\.m2\repository\org\apache\lucene\lucene-analyzers-nori\8.6.0\lucene-analyzers-nori-8.6.0.jar;C:\Users\gopal\.m2\repository\org\apache\lucene\lucene-analyzers-phonetic\8.6.0\lucene-analyzers-phonetic-8.6.0.jar;C:\Users\gopal\.m2\repository\org\apache\lucene\lucene-backward-codecs\8.6.0\lucene-backward-codecs-8.6.0.jar;C:\Users\gopal\.m2\repository\org\apache\lucene\lucene-classification\8.6.0\lucene-classification-8.6.0.jar;C:\Users\gopal\.m2\repository\org\apache\lucene\lucene-codecs\8.6.0\lucene-codecs-8.6.0.jar;C:\Users\gopal\.m2\repository\org\apache\lucene\lucene-core\8.6.0\lucene-core-8.6.0.jar;C:\Users\gopal\.m2\repository\org\apache\lucene\lucene-expressions\8.6.0\lucene-expressions-8.6.0.jar;C:\Users\gopal\.m2\repository\org\apache\lucene\lucene-grouping\8.6.0\lucene-grouping-8.6.0.jar;C:\Users\gopal\.m2\repository\org\apache\lucene\lucene-highlighter\8.6.0\lucene-highlighter-8.6.0.jar;C:\Users\gopal\.m2\repository\org\apache\lucene\lucene-join\8.6.0\lucene-join-8.6.0.jar;C:\Users\gopal\.m2\repository\org\apache\lucene\lucene-memory\8.6.0\lucene-memory-8.6.0.jar;C:\Users\gopal\.m2\repository\org\apache\lucene\lucene-misc\8.6.0\lucene-misc-8.6.0.jar;C:\Users\gopal\.m2\repository\org\apache\lucene\lucene-queries\8.6.0\lucene-queries-8.6.0.jar;C:\Users\gopal\.m2\repository\org\apache\lucene\lucene-queryparser\8.6.0\lucene-queryparser-8.6.0.jar;C:\Users\gopal\.m2\repository\org\apache\lucene\lucene-sandbox\8.6.0\lucene-sandbox-8.6.0.jar;C:\Users\gopal\.m2\repository\org\apache\lucene\lucene-spatial-extras\8.6.0\lucene-spatial-extras-8.6.0.jar;C:\Users\gopal\.m2\repository\org\apache\lucene\lucene-spatial3d\8.6.0\lucene-spatial3d-8.6.0.jar;C:\Users\gopal\.m2\repository\org\apache\lucene\lucene-suggest\8.6.0\lucene-suggest-8.6.0.jar;C:\Users\gopal\.m2\repository\org\apache\solr\solr-solrj\8.6.0\solr-solrj-8.6.0.jar;C:\Users\gopal\.m2\repository\com\carrotsearch\hppc\0.8.1\hppc-0.8.1.jar;C:\Users\gopal\.m2\repository\com\carrotsearch\randomizedtesting\junit4-ant\2.7.2\junit4-ant-2.7.2.jar;C:\Users\gopal\.m2\repository\com\carrotsearch\randomizedtesting\randomizedtesting-runner\2.7.2\randomizedtesting-runner-2.7.2.jar;C:\Users\gopal\.m2\repository\com\fasterxml\jackson\core\jackson-annotations\2.10.1\jackson-annotations-2.10.1.jar;C:\Users\gopal\.m2\repository\com\fasterxml\jackson\core\jackson-core\2.10.1\jackson-core-2.10.1.jar;C:\Users\gopal\.m2\repository\com\fasterxml\jackson\core\jackson-databind\2.10.1\jackson-databind-2.10.1.jar;C:\Users\gopal\.m2\repository\com\fasterxml\jackson\dataformat\jackson-dataformat-smile\2.10.1\jackson-dataformat-smile-2.10.1.jar;C:\Users\gopal\.m2\repository\com\github\ben-manes\caffeine\caffeine\2.8.4\caffeine-2.8.4.jar;C:\Users\gopal\.m2\repository\com\github\zafarkhaja\java-semver\0.9.0\java-semver-0.9.0.jar;C:\Users\gopal\.m2\repository\com\google\guava\guava\25.1-jre\guava-25.1-jre.jar;C:\Users\gopal\.m2\repository\com\google\protobuf\protobuf-java\3.11.0\protobuf-java-3.11.0.jar;C:\Users\gopal\.m2\repository\com\google\re2j\re2j\1.2\re2j-1.2.jar;C:\Users\gopal\.m2\repository\com\jayway\jsonpath\json-path\2.4.0\json-path-2.4.0.jar;C:\Users\gopal\.m2\repository\com\lmax\disruptor\3.4.2\disruptor-3.4.2.jar;C:\Users\gopal\.m2\repository\com\tdunning\t-digest\3.1\t-digest-3.1.jar;C:\Users\gopal\.m2\repository\commons-cli\commons-cli\1.4\commons-cli-1.4.jar;C:\Users\gopal\.m2\repository\commons-codec\commons-codec\1.13\commons-codec-1.13.jar;C:\Users\gopal\.m2\repository\commons-collections\commons-collections\3.2.2\commons-collections-3.2.2.jar;C:\Users\gopal\.m2\repository\commons-io\commons-io\2.6\commons-io-2.6.jar;C:\Users\gopal\.m2\repository\io\dropwizard\metrics\metrics-core\4.1.5\metrics-core-4.1.5.jar;C:\Users\gopal\.m2\repository\io\dropwizard\metrics\metrics-graphite\4.1.5\metrics-graphite-4.1.5.jar;C:\Users\gopal\.m2\repository\io\dropwizard\metrics\metrics-jetty9\4.1.5\metrics-jetty9-4.1.5.jar;C:\Users\gopal\.m2\repository\io\dropwizard\metrics\metrics-jmx\4.1.5\metrics-jmx-4.1.5.jar;C:\Users\gopal\.m2\repository\io\dropwizard\metrics\metrics-jvm\4.1.5\metrics-jvm-4.1.5.jar;C:\Users\gopal\.m2\repository\io\netty\netty-buffer\4.1.47.Final\netty-buffer-4.1.47.Final.jar;C:\Users\gopal\.m2\repository\io\netty\netty-codec\4.1.47.Final\netty-codec-4.1.47.Final.jar;C:\Users\gopal\.m2\repository\io\netty\netty-common\4.1.47.Final\netty-common-4.1.47.Final.jar;C:\Users\gopal\.m2\repository\io\netty\netty-handler\4.1.47.Final\netty-handler-4.1.47.Final.jar;C:\Users\gopal\.m2\repository\io\netty\netty-resolver\4.1.47.Final\netty-resolver-4.1.47.Final.jar;C:\Users\gopal\.m2\repository\io\netty\netty-transport\4.1.47.Final\netty-transport-4.1.47.Final.jar;C:\Users\gopal\.m2\repository\io\netty\netty-transport-native-epoll\4.1.47.Final\netty-transport-native-epoll-4.1.47.Final.jar;C:\Users\gopal\.m2\repository\io\netty\netty-transport-native-unix-common\4.1.47.Final\netty-transport-native-unix-common-4.1.47.Final.jar;C:\Users\gopal\.m2\repository\io\opentracing\opentracing-api\0.33.0\opentracing-api-0.33.0.jar;C:\Users\gopal\.m2\repository\io\opentracing\opentracing-mock\0.33.0\opentracing-mock-0.33.0.jar;C:\Users\gopal\.m2\repository\io\opentracing\opentracing-noop\0.33.0\opentracing-noop-0.33.0.jar;C:\Users\gopal\.m2\repository\io\opentracing\opentracing-util\0.33.0\opentracing-util-0.33.0.jar;C:\Users\gopal\.m2\repository\io\sgr\s2-geometry-library-java\1.0.0\s2-geometry-library-java-1.0.0.jar;C:\Users\gopal\.m2\repository\javax\servlet\javax.servlet-api\3.1.0\javax.servlet-api-3.1.0.jar;C:\Users\gopal\.m2\repository\net\hydromatic\eigenbase-properties\1.1.5\eigenbase-properties-1.1.5.jar;C:\Users\gopal\.m2\repository\org\antlr\antlr4-runtime\4.5.1-1\antlr4-runtime-4.5.1-1.jar;C:\Users\gopal\.m2\repository\org\apache\ant\ant\1.8.2\ant-1.8.2.jar;C:\Users\gopal\.m2\repository\org\apache\calcite\calcite-core\1.18.0\calcite-core-1.18.0.jar;C:\Users\gopal\.m2\repository\org\apache\calcite\calcite-linq4j\1.18.0\calcite-linq4j-1.18.0.jar;C:\Users\gopal\.m2\repository\org\apache\calcite\avatica\avatica-core\1.13.0\avatica-core-1.13.0.jar;C:\Users\gopal\.m2\repository\org\apache\commons\commons-configuration2\2.1.1\commons-configuration2-2.1.1.jar;C:\Users\gopal\.m2\repository\org\apache\commons\commons-exec\1.3\commons-exec-1.3.jar;C:\Users\gopal\.m2\repository\org\apache\commons\commons-lang3\3.9\commons-lang3-3.9.jar;C:\Users\gopal\.m2\repository\org\apache\commons\commons-math3\3.6.1\commons-math3-3.6.1.jar;C:\Users\gopal\.m2\repository\org\apache\commons\commons-text\1.6\commons-text-1.6.jar;C:\Users\gopal\.m2\repository\org\apache\curator\curator-client\2.13.0\curator-client-2.13.0.jar;C:\Users\gopal\.m2\repository\org\apache\curator\curator-framework\2.13.0\curator-framework-2.13.0.jar;C:\Users\gopal\.m2\repository\org\apache\curator\curator-recipes\2.13.0\curator-recipes-2.13.0.jar;C:\Users\gopal\.m2\repository\org\apache\hadoop\hadoop-annotations\3.2.0\hadoop-annotations-3.2.0.jar;C:\Users\gopal\.m2\repository\org\apache\hadoop\hadoop-auth\3.2.0\hadoop-auth-3.2.0.jar;C:\Users\gopal\.m2\repository\org\apache\hadoop\hadoop-common\3.2.0\hadoop-common-3.2.0.jar;C:\Users\gopal\.m2\repository\org\apache\hadoop\hadoop-hdfs-client\3.2.0\hadoop-hdfs-client-3.2.0.jar;C:\Users\gopal\.m2\repository\org\apache\htrace\htrace-core4\4.1.0-incubating\htrace-core4-4.1.0-incubating.jar;C:\Users\gopal\.m2\repository\org\apache\httpcomponents\httpclient\4.5.10\httpclient-4.5.10.jar;C:\Users\gopal\.m2\repository\org\apache\httpcomponents\httpcore\4.4.12\httpcore-4.4.12.jar;C:\Users\gopal\.m2\repository\org\apache\httpcomponents\httpmime\4.5.10\httpmime-4.5.10.jar;C:\Users\gopal\.m2\repository\org\apache\kerby\kerb-core\1.0.1\kerb-core-1.0.1.jar;C:\Users\gopal\.m2\repository\org\apache\kerby\kerb-util\1.0.1\kerb-util-1.0.1.jar;C:\Users\gopal\.m2\repository\org\apache\kerby\kerby-asn1\1.0.1\kerby-asn1-1.0.1.jar;C:\Users\gopal\.m2\repository\org\apache\kerby\kerby-pkix\1.0.1\kerby-pkix-1.0.1.jar;C:\Users\gopal\.m2\repository\org\apache\logging\log4j\log4j-1.2-api\2.13.2\log4j-1.2-api-2.13.2.jar;C:\Users\gopal\.m2\repository\org\apache\logging\log4j\log4j-api\2.13.2\log4j-api-2.13.2.jar;C:\Users\gopal\.m2\repository\org\apache\logging\log4j\log4j-core\2.13.2\log4j-core-2.13.2.jar;C:\Users\gopal\.m2\repository\org\apache\logging\log4j\log4j-slf4j-impl\2.13.2\log4j-slf4j-impl-2.13.2.jar;C:\Users\gopal\.m2\repository\org\apache\logging\log4j\log4j-web\2.13.2\log4j-web-2.13.2.jar;C:\Users\gopal\.m2\repository\org\apache\zookeeper\zookeeper\3.5.7\zookeeper-3.5.7.jar;C:\Users\gopal\.m2\repository\org\apache\zookeeper\zookeeper-jute\3.5.7\zookeeper-jute-3.5.7.jar;C:\Users\gopal\.m2\repository\org\bitbucket\b_c\jose4j\0.6.5\jose4j-0.6.5.jar;C:\Users\gopal\.m2\repository\org\codehaus\janino\commons-compiler\3.0.9\commons-compiler-3.0.9.jar;C:\Users\gopal\.m2\repository\org\codehaus\janino\janino\3.0.9\janino-3.0.9.jar;C:\Users\gopal\.m2\repository\org\codehaus\woodstox\stax2-api\3.1.4\stax2-api-3.1.4.jar;C:\Users\gopal\.m2\repository\org\codehaus\woodstox\woodstox-core-asl\4.4.1\woodstox-core-asl-4.4.1.jar;C:\Users\gopal\.m2\repository\org\eclipse\jetty\jetty-alpn-client\9.4.27.v20200227\jetty-alpn-client-9.4.27.v20200227.jar;C:\Users\gopal\.m2\repository\org\eclipse\jetty\jetty-alpn-java-client\9.4.27.v20200227\jetty-alpn-java-client-9.4.27.v20200227.jar;C:\Users\gopal\.m2\repository\org\eclipse\jetty\jetty-alpn-java-server\9.4.27.v20200227\jetty-alpn-java-server-9.4.27.v20200227.jar;C:\Users\gopal\.m2\repository\org\eclipse\jetty\jetty-alpn-server\9.4.27.v20200227\jetty-alpn-server-9.4.27.v20200227.jar;C:\Users\gopal\.m2\repository\org\eclipse\jetty\jetty-client\9.4.27.v20200227\jetty-client-9.4.27.v20200227.jar;C:\Users\gopal\.m2\repository\org\eclipse\jetty\jetty-continuation\9.4.27.v20200227\jetty-continuation-9.4.27.v20200227.jar;C:\Users\gopal\.m2\repository\org\eclipse\jetty\jetty-deploy\9.4.27.v20200227\jetty-deploy-9.4.27.v20200227.jar;C:\Users\gopal\.m2\repository\org\eclipse\jetty\jetty-http\9.4.27.v20200227\jetty-http-9.4.27.v20200227.jar;C:\Users\gopal\.m2\repository\org\eclipse\jetty\jetty-io\9.4.27.v20200227\jetty-io-9.4.27.v20200227.jar;C:\Users\gopal\.m2\repository\org\eclipse\jetty\jetty-jmx\9.4.27.v20200227\jetty-jmx-9.4.27.v20200227.jar;C:\Users\gopal\.m2\repository\org\eclipse\jetty\jetty-rewrite\9.4.27.v20200227\jetty-rewrite-9.4.27.v20200227.jar;C:\Users\gopal\.m2\repository\org\eclipse\jetty\jetty-security\9.4.27.v20200227\jetty-security-9.4.27.v20200227.jar;C:\Users\gopal\.m2\repository\org\eclipse\jetty\jetty-server\9.4.27.v20200227\jetty-server-9.4.27.v20200227.jar;C:\Users\gopal\.m2\repository\org\eclipse\jetty\jetty-servlet\9.4.27.v20200227\jetty-servlet-9.4.27.v20200227.jar;C:\Users\gopal\.m2\repository\org\eclipse\jetty\jetty-servlets\9.4.27.v20200227\jetty-servlets-9.4.27.v20200227.jar;C:\Users\gopal\.m2\repository\org\eclipse\jetty\jetty-util\9.4.27.v20200227\jetty-util-9.4.27.v20200227.jar;C:\Users\gopal\.m2\repository\org\eclipse\jetty\jetty-webapp\9.4.27.v20200227\jetty-webapp-9.4.27.v20200227.jar;C:\Users\gopal\.m2\repository\org\eclipse\jetty\jetty-xml\9.4.27.v20200227\jetty-xml-9.4.27.v20200227.jar;C:\Users\gopal\.m2\repository\org\eclipse\jetty\http2\http2-client\9.4.27.v20200227\http2-client-9.4.27.v20200227.jar;C:\Users\gopal\.m2\repository\org\eclipse\jetty\http2\http2-common\9.4.27.v20200227\http2-common-9.4.27.v20200227.jar;C:\Users\gopal\.m2\repository\org\eclipse\jetty\http2\http2-hpack\9.4.27.v20200227\http2-hpack-9.4.27.v20200227.jar;C:\Users\gopal\.m2\repository\org\eclipse\jetty\http2\http2-http-client-transport\9.4.27.v20200227\http2-http-client-transport-9.4.27.v20200227.jar;C:\Users\gopal\.m2\repository\org\eclipse\jetty\http2\http2-server\9.4.27.v20200227\http2-server-9.4.27.v20200227.jar;C:\Users\gopal\.m2\repository\org\hamcrest\hamcrest-core\1.3\hamcrest-core-1.3.jar;C:\Users\gopal\.m2\repository\org\locationtech\spatial4j\spatial4j\0.7\spatial4j-0.7.jar;C:\Users\gopal\.m2\repository\org\ow2\asm\asm\7.2\asm-7.2.jar;C:\Users\gopal\.m2\repository\org\ow2\asm\asm-commons\7.2\asm-commons-7.2.jar;C:\Users\gopal\.m2\repository\org\restlet\jee\org.restlet\2.4.3\org.restlet-2.4.3.jar;C:\Users\gopal\.m2\repository\org\restlet\jee\org.restlet.ext.servlet\2.4.3\org.restlet.ext.servlet-2.4.3.jar;C:\Users\gopal\.m2\repository\org\rrd4j\rrd4j\3.5\rrd4j-3.5.jar;C:\Users\gopal\.m2\repository\org\slf4j\jcl-over-slf4j\1.7.24\jcl-over-slf4j-1.7.24.jar;C:\Users\gopal\.m2\repository\org\slf4j\slf4j-api\1.7.24\slf4j-api-1.7.24.jar;C:\Users\gopal\.m2\repository\commons-logging\commons-logging\1.2\commons-logging-1.2.jar;C:\Users\gopal\.m2\repository\junit\junit\4.12\junit-4.12.jar;C:\Users\gopal\.m2\repository\org\mockito\mockito-all\1.9.5\mockito-all-1.9.5.jar;C:\Users\gopal\.m2\repository\org\apache\solr\solr-core\8.6.0\solr-core-8.6.0.jar;"/>
    <property name="sun.cpu.endian" value="little"/>
    <property name="user.home" value="C:\Users\gopal"/>
    <property name="user.language" value="en"/>
    <property name="java.specification.vendor" value="Oracle Corporation"/>
    <property name="java.version.date" value="2020-10-20"/>
    <property name="java.home" value="C:\Program Files\Java\jdk-11.0.9"/>
    <property name="file.separator" value="\"/>
    <property name="basedir" value="D:\work\offset-highlighter"/>
    <property name="java.vm.compressedOopsMode" value="Zero based"/>
    <property name="line.separator" value="&#10;"/>
    <property name="java.specification.name" value="Java Platform API Specification"/>
    <property name="java.vm.specification.vendor" value="Oracle Corporation"/>
    <property name="java.awt.graphicsenv" value="sun.awt.Win32GraphicsEnvironment"/>
    <property name="surefire.real.class.path" value="C:\Users\gopal\AppData\Local\Temp\surefire5382788043075971390\surefirebooter5118380595151174491.jar"/>
    <property name="user.script" value=""/>
    <property name="sun.management.compiler" value="HotSpot 64-Bit Tiered Compilers"/>
    <property name="java.runtime.version" value="11.0.9+7-LTS"/>
    <property name="user.name" value="gopal"/>
    <property name="path.separator" value=";"/>
    <property name="os.version" value="10.0"/>
    <property name="java.runtime.name" value="Java(TM) SE Runtime Environment"/>
    <property name="file.encoding" value="Cp1252"/>
    <property name="java.vm.name" value="Java HotSpot(TM) 64-Bit Server VM"/>
    <property name="java.vendor.version" value="18.9"/>
    <property name="localRepository" value="C:\Users\gopal\.m2\repository"/>
    <property name="java.vendor.url.bug" value="https://bugreport.java.com/bugreport/"/>
    <property name="java.io.tmpdir" value="C:\Users\gopal\AppData\Local\Temp\"/>
    <property name="java.version" value="11.0.9"/>
    <property name="user.dir" value="D:\work\offset-highlighter"/>
    <property name="os.arch" value="amd64"/>
    <property name="java.vm.specification.name" value="Java Virtual Machine Specification"/>
    <property name="java.awt.printerjob" value="sun.awt.windows.WPrinterJob"/>
    <property name="sun.os.patch.level" value=""/>
    <property name="java.library.path" value="C:\Program Files\Java\jdk-11.0.9\bin;C:\Windows\Sun\Java\bin;C:\Windows\system32;C:\Windows;C:/Users/gopal/.p2/pool/plugins/org.eclipse.justj.openjdk.hotspot.jre.full.win32.x86_64_15.0.1.v20201027-0507/jre/bin/server;C:/Users/gopal/.p2/pool/plugins/org.eclipse.justj.openjdk.hotspot.jre.full.win32.x86_64_15.0.1.v20201027-0507/jre/bin;C:\Program Files\Common Files\Oracle\Java\javapath;C:\Windows\system32;C:\Windows;C:\Windows\System32\Wbem;C:\Windows\System32\WindowsPowerShell\v1.0\;C:\Windows\System32\OpenSSH\;C:\Program Files\NVIDIA Corporation\NVIDIA NvDLISR;C:\Program Files (x86)\NVIDIA Corporation\PhysX\Common;C:\Program Files\get_iplayer;C:\Program Files\Microsoft VS Code\bin;C:\Program Files\Docker\Docker\resources\bin;C:\ProgramData\DockerDesktop\version-bin;C:\Users\gopal\AppData\Local\Programs\Python\Python38\Scripts\;C:\Users\gopal\AppData\Local\Programs\Python\Python38\;C:\Users\gopal\AppData\Local\Programs\Python\Python39\Scripts\;C:\Users\gopal\AppData\Local\Programs\Python\Python39\;C:\Users\gopal\AppData\Local\Microsoft\WindowsApps;C:\Users\gopal\AppData\Local\GitHubDesktop\bin;C:\Windows\system32;;."/>
    <property name="java.vendor" value="Oracle Corporation"/>
    <property name="java.vm.info" value="mixed mode"/>
    <property name="java.vm.version" value="11.0.9+7-LTS"/>
    <property name="sun.io.unicode.encoding" value="UnicodeLittle"/>
    <property name="java.class.version" value="55.0"/>
  </properties>
  <testcase name="testOffsets" classname="com.o19s.hl.OffsetTests" time="0.23"/>
</testsuite>